{
  "/Users/renatomelo/Documents/estudos/projects/amc/src/modules/shared/components/atoms/Text/index.tsx": {
    "path": "/Users/renatomelo/Documents/estudos/projects/amc/src/modules/shared/components/atoms/Text/index.tsx",
    "statementMap": {
      "0": {
        "start": { "line": 4, "column": 24 },
        "end": { "line": 4, "column": 29 }
      },
      "1": {
        "start": { "line": 2, "column": 37 },
        "end": { "line": 2, "column": null }
      }
    },
    "fnMap": {
      "0": {
        "name": "Text",
        "decl": {
          "start": { "line": 4, "column": 24 },
          "end": { "line": 4, "column": 28 }
        },
        "loc": {
          "start": { "line": 4, "column": 57 },
          "end": { "line": 8, "column": 1 }
        }
      }
    },
    "branchMap": {},
    "s": { "0": 1, "1": 1 },
    "f": { "0": 20 },
    "b": {}
  },
  "/Users/renatomelo/Documents/estudos/projects/amc/src/modules/shared/components/atoms/Text/styles.ts": {
    "path": "/Users/renatomelo/Documents/estudos/projects/amc/src/modules/shared/components/atoms/Text/styles.ts",
    "statementMap": {
      "0": {
        "start": { "line": 1, "column": 36 },
        "end": { "line": 1, "column": null }
      },
      "1": {
        "start": { "line": 2, "column": 42 },
        "end": { "line": 2, "column": null }
      },
      "2": {
        "start": { "line": 4, "column": 23 },
        "end": { "line": 10, "column": null }
      },
      "3": {
        "start": { "line": 4, "column": 13 },
        "end": { "line": 4, "column": 26 }
      }
    },
    "fnMap": {},
    "branchMap": {},
    "s": { "0": 1, "1": 1, "2": 1, "3": 1 },
    "f": {},
    "b": {}
  },
  "/Users/renatomelo/Documents/estudos/projects/amc/src/modules/shared/components/molecules/Header/index.tsx": {
    "path": "/Users/renatomelo/Documents/estudos/projects/amc/src/modules/shared/components/molecules/Header/index.tsx",
    "statementMap": {
      "0": {
        "start": { "line": 5, "column": 24 },
        "end": { "line": 5, "column": 33 }
      },
      "1": {
        "start": { "line": 1, "column": 48 },
        "end": { "line": 1, "column": null }
      },
      "2": {
        "start": { "line": 2, "column": 49 },
        "end": { "line": 2, "column": null }
      },
      "3": {
        "start": { "line": 3, "column": 50 },
        "end": { "line": 3, "column": null }
      },
      "4": {
        "start": { "line": 9, "column": 26 },
        "end": { "line": 10, "column": 27 }
      }
    },
    "fnMap": {
      "0": {
        "name": "Header",
        "decl": {
          "start": { "line": 5, "column": 24 },
          "end": { "line": 5, "column": 30 }
        },
        "loc": {
          "start": { "line": 5, "column": 33 },
          "end": { "line": 17, "column": 1 }
        }
      },
      "1": {
        "name": "(anonymous_2)",
        "decl": {
          "start": { "line": 9, "column": 21 },
          "end": { "line": 9, "column": 22 }
        },
        "loc": {
          "start": { "line": 9, "column": 26 },
          "end": { "line": 10, "column": 27 }
        }
      }
    },
    "branchMap": {},
    "s": { "0": 1, "1": 1, "2": 1, "3": 1, "4": 20 },
    "f": { "0": 5, "1": 20 },
    "b": {}
  },
  "/Users/renatomelo/Documents/estudos/projects/amc/src/modules/shared/components/molecules/Header/styles.ts": {
    "path": "/Users/renatomelo/Documents/estudos/projects/amc/src/modules/shared/components/molecules/Header/styles.ts",
    "statementMap": {
      "0": {
        "start": { "line": 1, "column": 36 },
        "end": { "line": 1, "column": null }
      },
      "1": {
        "start": { "line": 2, "column": 35 },
        "end": { "line": 2, "column": null }
      },
      "2": {
        "start": { "line": 4, "column": 25 },
        "end": { "line": 9, "column": null }
      },
      "3": {
        "start": { "line": 4, "column": 13 },
        "end": { "line": 4, "column": 28 }
      },
      "4": {
        "start": { "line": 11, "column": 22 },
        "end": { "line": 23, "column": null }
      },
      "5": {
        "start": { "line": 11, "column": 13 },
        "end": { "line": 11, "column": 25 }
      }
    },
    "fnMap": {},
    "branchMap": {},
    "s": { "0": 1, "1": 1, "2": 1, "3": 1, "4": 1, "5": 1 },
    "f": {},
    "b": {}
  },
  "/Users/renatomelo/Documents/estudos/projects/amc/src/modules/shared/constants/menu.ts": {
    "path": "/Users/renatomelo/Documents/estudos/projects/amc/src/modules/shared/constants/menu.ts",
    "statementMap": {
      "0": {
        "start": { "line": 1, "column": 24 },
        "end": { "line": 22, "column": 1 }
      },
      "1": {
        "start": { "line": 1, "column": 13 },
        "end": { "line": 1, "column": 24 }
      }
    },
    "fnMap": {},
    "branchMap": {},
    "s": { "0": 1, "1": 1 },
    "f": {},
    "b": {}
  }
}
