TN:
SF:src/modules/shared/components/atoms/Text/index.tsx
FN:4,Text
FNF:1
FNH:1
FNDA:20,Text
DA:2,1
DA:4,1
LF:2
LH:2
BRF:0
BRH:0
end_of_record
TN:
SF:src/modules/shared/components/atoms/Text/styles.ts
FNF:0
FNH:0
DA:1,1
DA:2,1
DA:4,1
LF:3
LH:3
BRF:0
BRH:0
end_of_record
TN:
SF:src/modules/shared/components/molecules/Header/index.tsx
FN:5,Header
FN:9,(anonymous_2)
FNF:2
FNH:2
FNDA:5,Header
FNDA:20,(anonymous_2)
DA:1,1
DA:2,1
DA:3,1
DA:5,1
DA:9,20
LF:5
LH:5
BRF:0
BRH:0
end_of_record
TN:
SF:src/modules/shared/components/molecules/Header/styles.ts
FNF:0
FNH:0
DA:1,1
DA:2,1
DA:4,1
DA:11,1
LF:4
LH:4
BRF:0
BRH:0
end_of_record
TN:
SF:src/modules/shared/constants/menu.ts
FNF:0
FNH:0
DA:1,1
LF:1
LH:1
BRF:0
BRH:0
end_of_record
